SF:lib/main.dart
DA:7,0
DA:8,0
DA:9,0
DA:13,1
DA:15,0
DA:16,0
DA:24,0
DA:25,0
DA:26,0
DA:30,0
DA:32,0
DA:33,0
DA:34,0
DA:35,0
DA:36,0
DA:39,0
DA:41,0
DA:44,0
DA:45,0
DA:46,0
DA:57,0
DA:58,0
LF:22
LH:1
end_of_record
SF:lib/database.dart
DA:7,0
DA:12,0
DA:13,0
DA:15,0
DA:18,0
DA:20,0
DA:21,0
DA:22,0
DA:25,0
DA:27,0
DA:29,0
DA:30,0
DA:31,0
DA:32,0
DA:34,0
DA:35,0
DA:36,0
DA:37,0
DA:40,0
DA:44,0
DA:46,0
DA:51,0
DA:52,0
DA:53,0
DA:54,0
DA:57,0
DA:61,0
DA:63,0
DA:64,0
DA:65,0
DA:66,0
LF:31
LH:0
end_of_record
SF:lib/models/cafe.dart
DA:13,1
DA:14,0
DA:15,0
DA:16,0
DA:17,0
DA:18,0
DA:19,0
DA:20,0
DA:23,1
DA:24,1
DA:25,1
DA:28,3
DA:29,2
DA:30,2
DA:32,3
DA:33,2
DA:34,2
LF:17
LH:10
end_of_record
SF:lib/pages/cafe_admin.dart
DA:8,1
DA:10,0
DA:11,0
DA:17,0
DA:20,0
DA:30,0
DA:31,0
DA:32,0
DA:33,0
DA:34,0
DA:36,0
DA:37,0
DA:38,0
DA:39,0
DA:41,0
DA:42,0
DA:46,0
DA:48,0
DA:49,0
DA:52,0
DA:53,0
DA:54,0
DA:55,0
DA:56,0
DA:58,0
DA:60,0
DA:61,0
DA:62,0
DA:63,0
DA:64,0
DA:65,0
DA:68,0
DA:69,0
DA:70,0
DA:73,0
DA:75,0
DA:77,0
DA:78,0
DA:79,0
DA:80,0
DA:88,0
DA:90,0
DA:92,0
DA:93,0
DA:96,0
DA:98,0
LF:46
LH:1
end_of_record
SF:lib/pages/home_page.dart
DA:6,1
DA:8,0
DA:9,0
DA:13,0
DA:14,0
DA:16,0
DA:17,0
DA:19,0
DA:20,0
DA:21,0
DA:30,0
DA:33,0
DA:34,0
DA:45,0
DA:46,0
DA:49,0
DA:50,0
DA:54,0
DA:56,0
DA:57,0
DA:59,0
DA:62,0
LF:22
LH:1
end_of_record
SF:lib/utils.dart
DA:6,0
DA:7,0
DA:8,0
DA:9,0
DA:11,0
DA:12,0
DA:14,0
DA:15,0
DA:16,0
DA:17,0
DA:18,0
DA:19,0
DA:23,0
DA:31,1
DA:33,1
DA:34,3
DA:36,0
DA:37,0
DA:39,0
DA:40,0
DA:42,1
DA:43,2
DA:45,0
DA:46,0
LF:24
LH:5
end_of_record
SF:lib/models/table.dart
DA:4,1
DA:6,0
DA:7,0
DA:8,0
DA:9,0
DA:10,0
DA:11,0
DA:14,0
DA:15,0
DA:16,0
DA:17,0
DA:21,0
DA:23,0
DA:24,0
DA:25,0
DA:26,0
LF:16
LH:1
end_of_record
SF:lib/widgets/cafe_list.dart
DA:8,1
DA:10,0
DA:11,0
DA:15,0
DA:17,0
DA:21,0
DA:25,0
DA:26,0
DA:28,0
DA:31,0
DA:32,0
DA:33,0
DA:35,0
DA:41,0
DA:43,0
DA:45,0
DA:46,0
DA:47,0
LF:18
LH:1
end_of_record
SF:lib/widgets/cafe_search.dart
DA:4,0
DA:7,0
DA:10,0
DA:13,0
DA:14,0
DA:15,0
DA:16,0
DA:21,0
DA:24,0
DA:27,0
DA:30,0
LF:11
LH:0
end_of_record
SF:lib/widgets/cafe_large_tile.dart
DA:6,0
DA:9,0
DA:11,0
DA:13,0
DA:14,0
DA:16,0
DA:17,0
DA:18,0
DA:20,0
DA:21,0
DA:22,0
DA:24,0
DA:25,0
DA:32,0
DA:37,0
DA:38,0
DA:41,0
DA:42,0
DA:43,0
DA:45,0
DA:46,0
DA:50,0
DA:51,0
LF:23
LH:0
end_of_record
SF:lib/pages/cafe_info.dart
DA:7,2
DA:9,1
DA:10,1
DA:15,2
DA:19,1
DA:21,3
DA:22,3
DA:23,1
DA:24,1
DA:25,6
DA:26,1
DA:27,1
DA:28,1
DA:29,3
DA:35,1
DA:36,3
DA:45,1
DA:47,1
DA:48,1
DA:55,1
DA:58,1
DA:59,1
DA:60,1
DA:61,1
DA:62,1
DA:63,5
DA:65,0
DA:74,2
DA:78,1
DA:83,1
DA:84,1
DA:86,1
DA:87,1
DA:91,1
DA:92,1
DA:93,1
DA:100,1
DA:102,5
DA:104,1
DA:105,1
DA:106,1
DA:109,3
DA:124,1
DA:126,1
DA:127,1
DA:128,1
DA:130,1
DA:132,1
DA:139,2
DA:140,1
DA:142,4
DA:144,1
DA:145,0
DA:147,0
DA:149,0
DA:150,0
DA:155,0
DA:163,1
DA:164,1
DA:166,1
DA:167,1
DA:173,1
DA:174,1
DA:175,4
DA:182,1
DA:183,1
DA:184,0
DA:185,0
DA:186,0
DA:189,2
DA:190,0
DA:192,1
DA:193,1
DA:194,1
DA:203,1
DA:204,1
DA:206,2
DA:207,1
DA:217,0
DA:218,0
DA:220,0
DA:221,0
DA:222,0
DA:224,0
DA:225,0
DA:226,0
LF:86
LH:68
end_of_record
SF:lib/widgets/cafe_info_template.dart
DA:6,2
DA:8,1
DA:9,1
DA:13,1
DA:15,1
DA:17,1
DA:18,3
DA:19,3
DA:20,1
DA:21,1
DA:22,1
DA:23,4
DA:24,2
DA:26,1
DA:31,1
DA:33,1
DA:34,1
DA:37,1
DA:39,0
DA:40,0
DA:45,1
DA:47,3
DA:48,4
DA:49,1
DA:52,1
DA:54,1
DA:56,3
LF:27
LH:25
end_of_record
